<?xml version="1.0" encoding="UTF-8"?>
<!-- Generated by org.testng.reporters.JUnitReportReporter -->
<testsuite skipped="0" hostname="DDC2-L-7053H4P" name="test.Test1" tests="1" failures="0" timestamp="2020-05-05T14:42:50 IST" time="0.014" errors="0">
  <testcase name="NativeApp" time="0.014" classname="test.Test1"/>
  <system-out/>
</testsuite> <!-- test.Test1 -->
